<?xml version="1.0" encoding="UTF-8"?>
<testng-results ignored="0" total="3" passed="3" failed="0" skipped="0">
  <reporter-output>
  </reporter-output>
  <suite started-at="2021-09-21T17:32:44 IST" name="Default suite" finished-at="2021-09-21T17:32:45 IST" duration-ms="86">
    <groups>
    </groups>
    <test started-at="2021-09-21T17:32:44 IST" name="Default test" finished-at="2021-09-21T17:32:45 IST" duration-ms="86">
      <class name="tyss.contact.ContactTest">
        <test-method signature="cereateContactTest()[pri:0, instance:tyss.contact.ContactTest@41e1e210]" started-at="2021-09-21T17:32:45 IST" name="cereateContactTest" finished-at="2021-09-21T17:32:45 IST" duration-ms="9" status="PASS">
          <reporter-output>
          </reporter-output>
        </test-method> <!-- cereateContactTest -->
        <test-method signature="cereateContactWithORGTest()[pri:0, instance:tyss.contact.ContactTest@41e1e210]" started-at="2021-09-21T17:32:45 IST" name="cereateContactWithORGTest" finished-at="2021-09-21T17:32:45 IST" duration-ms="2" status="PASS">
          <reporter-output>
          </reporter-output>
        </test-method> <!-- cereateContactWithORGTest -->
        <test-method signature="deleteContactTest()[pri:0, instance:tyss.contact.ContactTest@41e1e210]" started-at="2021-09-21T17:32:45 IST" name="deleteContactTest" finished-at="2021-09-21T17:32:45 IST" duration-ms="1" status="PASS">
          <reporter-output>
          </reporter-output>
        </test-method> <!-- deleteContactTest -->
      </class> <!-- tyss.contact.ContactTest -->
    </test> <!-- Default test -->
  </suite> <!-- Default suite -->
</testng-results>
