<?xml version="1.0" encoding="UTF-8"?>
<!-- Generated by org.testng.reporters.JUnitXMLReporter -->
<testsuite ignored="0" hostname="LAPTOP-GBKDVHB5" failures="0" tests="3" name="Default test" time="0.084" errors="0" timestamp="2021-09-22T19:19:10 IST">
  <testcase classname="tyss.contact.ContactTest" name="cereateContactTest" time="0.012"/>
  <testcase classname="tyss.contact.ContactTest" name="cereateContactWithORGTest" time="0.002"/>
  <testcase classname="tyss.contact.ContactTest" name="deleteContactTest" time="0.002"/>
</testsuite> <!-- Default test -->
